2025-02-26 09:48:44,310 - INFO - ====== WebDriver manager ======
2025-02-26 09:48:44,488 - INFO - Get LATEST chromedriver version for google-chrome
2025-02-26 09:48:44,698 - INFO - Get LATEST chromedriver version for google-chrome
2025-02-26 09:48:44,909 - INFO - Driver [/Users/roobikatura/.wdm/drivers/chromedriver/mac64/133.0.6943.141/chromedriver-mac-arm64/chromedriver] found in cache
2025-02-26 09:48:47,865 - INFO - Waiting for WhatsApp to load and QR code to be scanned...
2025-02-26 09:48:51,380 - INFO - WhatsApp loaded successfully
2025-02-26 09:48:51,453 - INFO - No unread messages detected.
2025-02-26 09:48:51,453 - INFO - Checking for new messages in 10 seconds...
2025-02-26 09:49:01,555 - INFO - Processing chat: Amma Airtel
2025-02-26 09:49:07,321 - INFO - 
=== New Incoming Message ===
2025-02-26 09:49:07,322 - INFO - Contact Name: Amma Airtel
2025-02-26 09:49:07,322 - INFO - Phone Number: +91 63692 02355
2025-02-26 09:49:07,322 - INFO - Last Message: How are you
2025-02-26 09:49:07,322 - INFO - Last Five Messages: ['Hi', 'Hi', 'Hi', 'Hi', 'How are you']
2025-02-26 09:49:15,728 - INFO - Priority categorized as: Low Priority
2025-02-26 09:49:16,829 - INFO - Thread summary: After a series of greetings, one person asked another how they were doing.
2025-02-26 09:49:18,272 - INFO - Suggested response for Low Priority: I'm good, thanks. You?  (or just "Good, you?")
2025-02-26 09:49:18,272 - INFO - Priority: Low Priority
2025-02-26 09:49:18,273 - INFO - Thread Summary: After a series of greetings, one person asked another how they were doing.
2025-02-26 09:49:18,273 - INFO - Suggested Response (raw): I'm good, thanks. You?  (or just "Good, you?")
2025-02-26 09:49:18,273 - INFO - Response to Send: I'm good, thanks. You?  (or just "Good, you?")
2025-02-26 09:49:18,273 - INFO - =====================

2025-02-26 09:49:18,274 - INFO - Message data appended to whatsapp.json
2025-02-26 09:49:28,881 - ERROR - Failed to send message to +91 63692 02355: Message: 
Stacktrace:
0   chromedriver                        0x0000000102e442d4 cxxbridge1$str$ptr + 2739836
1   chromedriver                        0x0000000102e3c934 cxxbridge1$str$ptr + 2708700
2   chromedriver                        0x000000010299df90 cxxbridge1$string$len + 93360
3   chromedriver                        0x00000001029e4de4 cxxbridge1$string$len + 383748
4   chromedriver                        0x0000000102a25e80 cxxbridge1$string$len + 650144
5   chromedriver                        0x00000001029d9060 cxxbridge1$string$len + 335232
6   chromedriver                        0x0000000102e0cc38 cxxbridge1$str$ptr + 2512864
7   chromedriver                        0x0000000102e0ff58 cxxbridge1$str$ptr + 2525952
8   chromedriver                        0x0000000102df2578 cxxbridge1$str$ptr + 2404640
9   chromedriver                        0x0000000102e10818 cxxbridge1$str$ptr + 2528192
10  chromedriver                        0x0000000102de2f2c cxxbridge1$str$ptr + 2341588
11  chromedriver                        0x0000000102e2ca60 cxxbridge1$str$ptr + 2643464
12  chromedriver                        0x0000000102e2cbe8 cxxbridge1$str$ptr + 2643856
13  chromedriver                        0x0000000102e3c5a8 cxxbridge1$str$ptr + 2707792
14  libsystem_pthread.dylib             0x000000019f70426c _pthread_start + 148
15  libsystem_pthread.dylib             0x000000019f6ff08c thread_start + 8

2025-02-26 09:49:28,882 - INFO - Checking for new messages in 10 seconds...
2025-02-26 09:49:38,929 - INFO - No unread messages detected.
2025-02-26 09:49:38,930 - INFO - Checking for new messages in 10 seconds...
2025-02-26 09:49:48,962 - INFO - No unread messages detected.
2025-02-26 09:49:48,962 - INFO - Checking for new messages in 10 seconds...
2025-02-26 09:49:58,995 - INFO - No unread messages detected.
2025-02-26 09:49:58,996 - INFO - Checking for new messages in 10 seconds...
2025-02-26 09:50:09,052 - INFO - No unread messages detected.
2025-02-26 09:50:09,053 - INFO - Checking for new messages in 10 seconds...
2025-02-26 09:50:19,081 - INFO - No unread messages detected.
2025-02-26 09:50:19,082 - INFO - Checking for new messages in 10 seconds...
2025-02-26 09:50:29,107 - INFO - No unread messages detected.
2025-02-26 09:50:29,109 - INFO - Checking for new messages in 10 seconds...
2025-02-26 09:50:39,141 - INFO - No unread messages detected.
2025-02-26 09:50:39,141 - INFO - Checking for new messages in 10 seconds...
2025-02-26 09:50:49,172 - INFO - No unread messages detected.
2025-02-26 09:50:49,173 - INFO - Checking for new messages in 10 seconds...
2025-02-26 09:50:59,202 - INFO - No unread messages detected.
2025-02-26 09:50:59,202 - INFO - Checking for new messages in 10 seconds...
2025-02-26 09:51:09,225 - INFO - No unread messages detected.
2025-02-26 09:51:09,226 - INFO - Checking for new messages in 10 seconds...
2025-02-26 09:51:19,251 - INFO - No unread messages detected.
2025-02-26 09:51:19,252 - INFO - Checking for new messages in 10 seconds...
2025-02-26 09:51:29,275 - INFO - No unread messages detected.
2025-02-26 09:51:29,276 - INFO - Checking for new messages in 10 seconds...
2025-02-26 09:51:39,305 - INFO - No unread messages detected.
2025-02-26 09:51:39,317 - INFO - Checking for new messages in 10 seconds...
2025-02-26 09:51:47,268 - INFO - Script stopped by user.
2025-02-26 09:51:47,273 - WARNING - Retrying (Retry(total=2, connect=None, read=None, redirect=None, status=None)) after connection broken by 'ConnectionResetError(54, 'Connection reset by peer')': /session/d066576dbb8c123889db71ee842483d9
2025-02-26 09:51:47,276 - WARNING - Retrying (Retry(total=1, connect=None, read=None, redirect=None, status=None)) after connection broken by 'NewConnectionError('<urllib3.connection.HTTPConnection object at 0x1056b02d0>: Failed to establish a new connection: [Errno 61] Connection refused')': /session/d066576dbb8c123889db71ee842483d9
2025-02-26 09:51:47,277 - WARNING - Retrying (Retry(total=0, connect=None, read=None, redirect=None, status=None)) after connection broken by 'NewConnectionError('<urllib3.connection.HTTPConnection object at 0x1056b0690>: Failed to establish a new connection: [Errno 61] Connection refused')': /session/d066576dbb8c123889db71ee842483d9
2025-02-26 09:51:47,298 - INFO - Driver closed. Program terminated.
2025-02-26 11:14:00,652 - INFO - ====== WebDriver manager ======
2025-02-26 11:14:00,839 - INFO - Get LATEST chromedriver version for google-chrome
2025-02-26 11:14:01,092 - INFO - Get LATEST chromedriver version for google-chrome
2025-02-26 11:14:01,252 - INFO - Driver [/Users/roobikatura/.wdm/drivers/chromedriver/mac64/133.0.6943.141/chromedriver-mac-arm64/chromedriver] found in cache
2025-02-26 11:14:04,572 - INFO - Waiting for WhatsApp to load and QR code to be scanned...
2025-02-26 11:14:10,141 - INFO - WhatsApp loaded successfully
2025-02-26 11:14:10,216 - INFO - No unread messages detected.
2025-02-26 11:14:10,216 - INFO - Checking for new messages in 10 seconds...
2025-02-26 11:14:20,278 - INFO - Processing chat: YOC 2024-25 official
2025-02-26 11:14:29,492 - INFO - 
=== New Incoming Message ===
2025-02-26 11:14:29,492 - INFO - Contact Name: YOC 2024-25 official
2025-02-26 11:14:29,492 - INFO - Phone Number: Group · 759 members
2025-02-26 11:14:29,492 - INFO - Last Message: Please fill the thread today.Try to fill before 3:30 pm
Manavar illam class volunteers:
Date: 26.02.2025
Add your name and roll no Add (LH/BH) if you are a hostel
Add (DS) if you are dayscholar
Charumathi 23E608 LH
2025-02-26 11:14:29,492 - INFO - Last Five Messages: ['Please fill the thread today.Try to fill before 3:30 pm\nManavar illam class volunteers:\nDate: 24.02.2025\nAdd your name and roll no Add (LH/BH) if you are a hostel\nAdd (DS) if you are dayscholar\n1.Dhaksaya M K (23L108) LH', 'Please fill the thread today.Try to fill before 3:30 pm\nManavar illam class volunteers:\nDate: 24.02.2025\nAdd your name and roll no Add (LH/BH) if you are a hostel\nAdd (DS) if you are dayscholar\n1.Dhaksaya M K (23L108) LH\n2.Priyadharshini S (23z355) LH', 'Please fill the thread today.Try to fill before 3:30 pm\nManavar illam class volunteers:\nDate: 25.02.2025\nAdd your name and roll no Add (LH/BH) if you are a hostel\nAdd (DS) if you are dayscholar\n1.', 'Please fill the thread today.Try to fill before 3:30 pm\nManavar illam class volunteers:\nDate: 26.02.2025\nAdd your name and roll no Add (LH/BH) if you are a hostel\nAdd (DS) if you are dayscholar\n1.', 'Please fill the thread today.Try to fill before 3:30 pm\nManavar illam class volunteers:\nDate: 26.02.2025\nAdd your name and roll no Add (LH/BH) if you are a hostel\nAdd (DS) if you are dayscholar\nCharumathi 23E608 LH']
2025-02-26 11:21:43,740 - INFO - ====== WebDriver manager ======
2025-02-26 11:21:43,913 - INFO - Get LATEST chromedriver version for google-chrome
2025-02-26 11:21:44,089 - INFO - Get LATEST chromedriver version for google-chrome
2025-02-26 11:21:44,246 - INFO - Driver [/Users/roobikatura/.wdm/drivers/chromedriver/mac64/133.0.6943.141/chromedriver-mac-arm64/chromedriver] found in cache
2025-02-26 11:21:47,112 - INFO - Waiting for WhatsApp to load and QR code to be scanned...
2025-02-26 11:21:51,628 - INFO - WhatsApp loaded successfully
2025-02-26 11:21:51,883 - INFO - Processing chat: Amma Airtel
2025-02-26 11:21:57,748 - INFO - 
=== New Incoming Message ===
2025-02-26 11:21:57,749 - INFO - Contact Name: Amma Airtel
2025-02-26 11:21:57,749 - INFO - Phone Number: +91 63692 02355
2025-02-26 11:21:57,749 - INFO - Last Message: How are you
2025-02-26 11:21:57,749 - INFO - Last Five Messages: ['Hi', 'Hi', 'Hi', 'Hi', 'How are you']
2025-02-26 11:22:05,672 - INFO - Priority categorized as: Low Priority
2025-02-26 11:22:06,782 - INFO - Thread summary: After a series of greetings, someone inquired how the other person was doing.
2025-02-26 11:22:07,765 - INFO - Suggested response for Low Priority: I'm good, thanks.  What's up?
2025-02-26 11:22:07,766 - INFO - Priority: Low Priority
2025-02-26 11:22:07,766 - INFO - Thread Summary: After a series of greetings, someone inquired how the other person was doing.
2025-02-26 11:22:07,766 - INFO - Suggested Response (raw): I'm good, thanks.  What's up?
2025-02-26 11:22:07,766 - INFO - Response to Send: I'm good, thanks.  What's up?
2025-02-26 11:22:07,766 - INFO - =====================

2025-02-26 11:22:07,768 - INFO - Message data appended to whatsapp.json
2025-02-26 11:22:18,532 - ERROR - Failed to send message to +91 63692 02355: Message: 
Stacktrace:
0   chromedriver                        0x0000000100a802d4 cxxbridge1$str$ptr + 2739836
1   chromedriver                        0x0000000100a78934 cxxbridge1$str$ptr + 2708700
2   chromedriver                        0x00000001005d9f90 cxxbridge1$string$len + 93360
3   chromedriver                        0x0000000100620de4 cxxbridge1$string$len + 383748
4   chromedriver                        0x0000000100661e80 cxxbridge1$string$len + 650144
5   chromedriver                        0x0000000100615060 cxxbridge1$string$len + 335232
6   chromedriver                        0x0000000100a48c38 cxxbridge1$str$ptr + 2512864
7   chromedriver                        0x0000000100a4bf58 cxxbridge1$str$ptr + 2525952
8   chromedriver                        0x0000000100a2e578 cxxbridge1$str$ptr + 2404640
9   chromedriver                        0x0000000100a4c818 cxxbridge1$str$ptr + 2528192
10  chromedriver                        0x0000000100a1ef2c cxxbridge1$str$ptr + 2341588
11  chromedriver                        0x0000000100a68a60 cxxbridge1$str$ptr + 2643464
12  chromedriver                        0x0000000100a68be8 cxxbridge1$str$ptr + 2643856
13  chromedriver                        0x0000000100a785a8 cxxbridge1$str$ptr + 2707792
14  libsystem_pthread.dylib             0x000000019f70426c _pthread_start + 148
15  libsystem_pthread.dylib             0x000000019f6ff08c thread_start + 8

2025-02-26 11:22:18,533 - INFO - Checking for new messages in 10 seconds...
2025-02-26 11:22:28,574 - INFO - No unread messages detected.
2025-02-26 11:22:28,576 - INFO - Checking for new messages in 10 seconds...
2025-02-26 11:30:48,190 - INFO - ====== WebDriver manager ======
2025-02-26 11:30:48,373 - INFO - Get LATEST chromedriver version for google-chrome
2025-02-26 11:30:48,531 - INFO - Get LATEST chromedriver version for google-chrome
2025-02-26 11:30:48,726 - INFO - Driver [/Users/roobikatura/.wdm/drivers/chromedriver/mac64/133.0.6943.141/chromedriver-mac-arm64/chromedriver] found in cache
2025-02-26 11:30:51,812 - INFO - Waiting for WhatsApp to load and QR code to be scanned...
2025-02-26 11:30:56,713 - INFO - WhatsApp loaded successfully
2025-02-26 11:30:56,755 - INFO - No unread messages detected.
2025-02-26 11:30:56,755 - INFO - Checking for new messages in 10 seconds...
2025-02-26 11:31:06,785 - INFO - No unread messages detected.
2025-02-26 11:31:06,785 - INFO - Checking for new messages in 10 seconds...
2025-02-26 11:31:16,841 - INFO - Processing chat: Amma Airtel
2025-02-26 11:31:22,564 - INFO - 
=== New Incoming Message ===
2025-02-26 11:31:22,565 - INFO - Contact Name: Amma Airtel
2025-02-26 11:31:22,565 - INFO - Phone Number: +91 63692 02355
2025-02-26 11:31:22,565 - INFO - Last Message: Hi
2025-02-26 11:31:22,565 - INFO - Last Five Messages: ['Hi', 'Hi', 'Hi', 'How are you', 'Hi']
2025-02-26 11:31:29,107 - INFO - Priority categorized as: Low Priority
2025-02-26 11:31:30,179 - INFO - Thread summary: Several greetings were exchanged, followed by one person asking "How are you?".
2025-02-26 11:31:31,207 - INFO - Suggested response for Low Priority: Hey!  Anything I can help with?
2025-02-26 11:31:31,207 - INFO - Priority: Low Priority
2025-02-26 11:31:31,207 - INFO - Thread Summary: Several greetings were exchanged, followed by one person asking "How are you?".
2025-02-26 11:31:31,207 - INFO - Suggested Response (raw): Hey!  Anything I can help with?
2025-02-26 11:31:31,207 - INFO - Response to Send: Hey!  Anything I can help with?
2025-02-26 11:31:31,207 - INFO - =====================

2025-02-26 11:31:31,209 - INFO - Message data appended to whatsapp.json
2025-02-26 11:31:41,744 - ERROR - Failed to send message to +91 63692 02355: Message: 
Stacktrace:
0   chromedriver                        0x0000000102aec2d4 cxxbridge1$str$ptr + 2739836
1   chromedriver                        0x0000000102ae4934 cxxbridge1$str$ptr + 2708700
2   chromedriver                        0x0000000102645f90 cxxbridge1$string$len + 93360
3   chromedriver                        0x000000010268cde4 cxxbridge1$string$len + 383748
4   chromedriver                        0x00000001026cde80 cxxbridge1$string$len + 650144
5   chromedriver                        0x0000000102681060 cxxbridge1$string$len + 335232
6   chromedriver                        0x0000000102ab4c38 cxxbridge1$str$ptr + 2512864
7   chromedriver                        0x0000000102ab7f58 cxxbridge1$str$ptr + 2525952
8   chromedriver                        0x0000000102a9a578 cxxbridge1$str$ptr + 2404640
9   chromedriver                        0x0000000102ab8818 cxxbridge1$str$ptr + 2528192
10  chromedriver                        0x0000000102a8af2c cxxbridge1$str$ptr + 2341588
11  chromedriver                        0x0000000102ad4a60 cxxbridge1$str$ptr + 2643464
12  chromedriver                        0x0000000102ad4be8 cxxbridge1$str$ptr + 2643856
13  chromedriver                        0x0000000102ae45a8 cxxbridge1$str$ptr + 2707792
14  libsystem_pthread.dylib             0x000000019f70426c _pthread_start + 148
15  libsystem_pthread.dylib             0x000000019f6ff08c thread_start + 8

2025-02-26 11:31:41,745 - INFO - Checking for new messages in 10 seconds...
2025-02-26 11:31:51,775 - INFO - No unread messages detected.
2025-02-26 11:31:51,776 - INFO - Checking for new messages in 10 seconds...
2025-02-26 11:32:01,803 - INFO - No unread messages detected.
2025-02-26 11:32:01,804 - INFO - Checking for new messages in 10 seconds...
2025-02-26 11:32:11,841 - INFO - No unread messages detected.
2025-02-26 11:32:11,841 - INFO - Checking for new messages in 10 seconds...
2025-02-26 11:32:21,869 - INFO - No unread messages detected.
2025-02-26 11:32:21,870 - INFO - Checking for new messages in 10 seconds...
2025-02-26 11:32:31,900 - INFO - No unread messages detected.
2025-02-26 11:32:31,900 - INFO - Checking for new messages in 10 seconds...
2025-02-26 11:32:41,935 - INFO - No unread messages detected.
2025-02-26 11:32:41,936 - INFO - Checking for new messages in 10 seconds...
2025-02-26 11:32:52,003 - INFO - No unread messages detected.
2025-02-26 11:32:52,003 - INFO - Checking for new messages in 10 seconds...
2025-02-26 11:33:02,010 - INFO - No unread messages detected.
2025-02-26 11:33:02,011 - INFO - Checking for new messages in 10 seconds...
2025-02-26 11:33:12,013 - INFO - No unread messages detected.
2025-02-26 11:33:12,014 - INFO - Checking for new messages in 10 seconds...
2025-02-26 11:33:22,021 - INFO - No unread messages detected.
2025-02-26 11:33:22,022 - INFO - Checking for new messages in 10 seconds...
2025-02-26 11:33:32,029 - INFO - No unread messages detected.
2025-02-26 11:33:32,029 - INFO - Checking for new messages in 10 seconds...
2025-02-26 11:33:42,039 - INFO - No unread messages detected.
2025-02-26 11:33:42,039 - INFO - Checking for new messages in 10 seconds...
2025-02-26 11:33:52,044 - INFO - No unread messages detected.
2025-02-26 11:33:52,045 - INFO - Checking for new messages in 10 seconds...
2025-02-26 11:34:02,054 - INFO - No unread messages detected.
2025-02-26 11:34:02,055 - INFO - Checking for new messages in 10 seconds...
2025-02-26 11:34:12,064 - INFO - No unread messages detected.
2025-02-26 11:34:12,065 - INFO - Checking for new messages in 10 seconds...
2025-02-26 11:34:22,075 - INFO - No unread messages detected.
2025-02-26 11:34:22,077 - INFO - Checking for new messages in 10 seconds...
2025-02-26 11:34:32,085 - INFO - No unread messages detected.
2025-02-26 11:34:32,085 - INFO - Checking for new messages in 10 seconds...
2025-02-26 11:34:42,091 - INFO - No unread messages detected.
2025-02-26 11:34:42,092 - INFO - Checking for new messages in 10 seconds...
2025-02-26 11:34:52,106 - INFO - No unread messages detected.
2025-02-26 11:34:52,108 - INFO - Checking for new messages in 10 seconds...
2025-02-26 11:35:02,117 - INFO - No unread messages detected.
2025-02-26 11:35:02,117 - INFO - Checking for new messages in 10 seconds...
2025-02-26 11:35:12,122 - INFO - No unread messages detected.
2025-02-26 11:35:12,123 - INFO - Checking for new messages in 10 seconds...
2025-02-26 11:35:22,128 - INFO - No unread messages detected.
2025-02-26 11:35:22,129 - INFO - Checking for new messages in 10 seconds...
2025-02-26 11:35:32,135 - INFO - No unread messages detected.
2025-02-26 11:35:32,136 - INFO - Checking for new messages in 10 seconds...
2025-02-26 11:35:42,142 - INFO - No unread messages detected.
2025-02-26 11:35:42,142 - INFO - Checking for new messages in 10 seconds...
2025-02-26 11:35:52,153 - INFO - No unread messages detected.
2025-02-26 11:35:52,153 - INFO - Checking for new messages in 10 seconds...
2025-02-26 11:36:02,162 - INFO - No unread messages detected.
2025-02-26 11:36:02,162 - INFO - Checking for new messages in 10 seconds...
2025-02-26 11:36:12,172 - INFO - No unread messages detected.
2025-02-26 11:36:12,173 - INFO - Checking for new messages in 10 seconds...
2025-02-26 11:36:22,183 - INFO - No unread messages detected.
2025-02-26 11:36:22,185 - INFO - Checking for new messages in 10 seconds...
2025-02-26 11:36:32,195 - INFO - No unread messages detected.
2025-02-26 11:36:32,195 - INFO - Checking for new messages in 10 seconds...
2025-02-26 11:36:42,205 - INFO - No unread messages detected.
2025-02-26 11:36:42,206 - INFO - Checking for new messages in 10 seconds...
2025-02-26 11:36:52,216 - INFO - No unread messages detected.
2025-02-26 11:36:52,216 - INFO - Checking for new messages in 10 seconds...
2025-02-26 11:37:02,227 - INFO - No unread messages detected.
2025-02-26 11:37:02,227 - INFO - Checking for new messages in 10 seconds...
2025-02-26 11:37:12,235 - INFO - No unread messages detected.
2025-02-26 11:37:12,236 - INFO - Checking for new messages in 10 seconds...
2025-02-26 11:37:22,246 - INFO - No unread messages detected.
2025-02-26 11:37:22,246 - INFO - Checking for new messages in 10 seconds...
2025-02-26 11:37:32,256 - INFO - No unread messages detected.
2025-02-26 11:37:32,257 - INFO - Checking for new messages in 10 seconds...
2025-02-26 11:37:42,265 - INFO - No unread messages detected.
2025-02-26 11:37:42,265 - INFO - Checking for new messages in 10 seconds...
2025-02-26 11:37:52,271 - INFO - No unread messages detected.
2025-02-26 11:37:52,272 - INFO - Checking for new messages in 10 seconds...
2025-02-26 11:38:02,279 - INFO - No unread messages detected.
2025-02-26 11:38:02,281 - INFO - Checking for new messages in 10 seconds...
2025-02-26 11:38:12,290 - INFO - No unread messages detected.
2025-02-26 11:38:12,291 - INFO - Checking for new messages in 10 seconds...
2025-02-26 11:38:22,295 - INFO - No unread messages detected.
2025-02-26 11:38:22,295 - INFO - Checking for new messages in 10 seconds...
2025-02-26 11:38:32,306 - INFO - No unread messages detected.
2025-02-26 11:38:32,307 - INFO - Checking for new messages in 10 seconds...
2025-02-26 11:38:42,314 - INFO - No unread messages detected.
2025-02-26 11:38:42,315 - INFO - Checking for new messages in 10 seconds...
2025-02-26 11:38:52,321 - INFO - No unread messages detected.
2025-02-26 11:38:52,322 - INFO - Checking for new messages in 10 seconds...
2025-02-26 11:39:02,332 - INFO - No unread messages detected.
2025-02-26 11:39:02,333 - INFO - Checking for new messages in 10 seconds...
2025-02-26 11:39:12,344 - INFO - No unread messages detected.
2025-02-26 11:39:12,345 - INFO - Checking for new messages in 10 seconds...
2025-02-26 11:39:22,356 - INFO - No unread messages detected.
2025-02-26 11:39:22,356 - INFO - Checking for new messages in 10 seconds...
2025-02-26 11:39:32,363 - INFO - No unread messages detected.
2025-02-26 11:39:32,364 - INFO - Checking for new messages in 10 seconds...
2025-02-26 11:39:42,375 - INFO - No unread messages detected.
2025-02-26 11:39:42,376 - INFO - Checking for new messages in 10 seconds...
2025-02-26 11:39:52,387 - INFO - No unread messages detected.
2025-02-26 11:39:52,388 - INFO - Checking for new messages in 10 seconds...
2025-02-26 11:40:02,399 - INFO - No unread messages detected.
2025-02-26 11:40:02,400 - INFO - Checking for new messages in 10 seconds...
2025-02-26 11:40:12,412 - INFO - No unread messages detected.
2025-02-26 11:40:12,413 - INFO - Checking for new messages in 10 seconds...
2025-02-26 11:40:22,416 - INFO - No unread messages detected.
2025-02-26 11:40:22,416 - INFO - Checking for new messages in 10 seconds...
2025-02-26 11:40:32,427 - INFO - No unread messages detected.
2025-02-26 11:40:32,427 - INFO - Checking for new messages in 10 seconds...
2025-02-26 11:40:42,433 - INFO - No unread messages detected.
2025-02-26 11:40:42,433 - INFO - Checking for new messages in 10 seconds...
2025-02-26 11:40:52,444 - INFO - No unread messages detected.
2025-02-26 11:40:52,444 - INFO - Checking for new messages in 10 seconds...
2025-02-26 11:41:02,451 - INFO - No unread messages detected.
2025-02-26 11:41:02,452 - INFO - Checking for new messages in 10 seconds...
2025-02-26 11:41:12,460 - INFO - No unread messages detected.
2025-02-26 11:41:12,460 - INFO - Checking for new messages in 10 seconds...
2025-02-26 11:41:22,466 - INFO - No unread messages detected.
2025-02-26 11:41:22,467 - INFO - Checking for new messages in 10 seconds...
2025-02-26 11:41:32,471 - INFO - No unread messages detected.
2025-02-26 11:41:32,473 - INFO - Checking for new messages in 10 seconds...
2025-02-26 11:41:42,483 - INFO - No unread messages detected.
2025-02-26 11:41:42,484 - INFO - Checking for new messages in 10 seconds...
2025-02-26 11:41:52,491 - INFO - No unread messages detected.
2025-02-26 11:41:52,492 - INFO - Checking for new messages in 10 seconds...
2025-02-26 11:42:02,498 - INFO - No unread messages detected.
2025-02-26 11:42:02,499 - INFO - Checking for new messages in 10 seconds...
2025-02-26 11:42:12,508 - INFO - No unread messages detected.
2025-02-26 11:42:12,509 - INFO - Checking for new messages in 10 seconds...
2025-02-26 11:42:22,520 - INFO - No unread messages detected.
2025-02-26 11:42:22,521 - INFO - Checking for new messages in 10 seconds...
2025-02-26 11:42:32,530 - INFO - No unread messages detected.
2025-02-26 11:42:32,531 - INFO - Checking for new messages in 10 seconds...
2025-02-26 11:42:42,541 - INFO - No unread messages detected.
2025-02-26 11:42:42,542 - INFO - Checking for new messages in 10 seconds...
2025-02-26 11:42:52,551 - INFO - No unread messages detected.
2025-02-26 11:42:52,551 - INFO - Checking for new messages in 10 seconds...
2025-02-26 11:43:02,558 - INFO - No unread messages detected.
2025-02-26 11:43:02,559 - INFO - Checking for new messages in 10 seconds...
2025-02-26 11:43:12,566 - INFO - No unread messages detected.
2025-02-26 11:43:12,567 - INFO - Checking for new messages in 10 seconds...
2025-02-26 11:43:22,573 - INFO - No unread messages detected.
2025-02-26 11:43:22,573 - INFO - Checking for new messages in 10 seconds...
2025-02-26 11:43:32,584 - INFO - No unread messages detected.
2025-02-26 11:43:32,586 - INFO - Checking for new messages in 10 seconds...
2025-02-26 11:43:42,596 - INFO - No unread messages detected.
2025-02-26 11:43:42,596 - INFO - Checking for new messages in 10 seconds...
2025-02-26 11:43:52,603 - INFO - No unread messages detected.
2025-02-26 11:43:52,605 - INFO - Checking for new messages in 10 seconds...
2025-02-26 11:44:02,615 - INFO - No unread messages detected.
2025-02-26 11:44:02,615 - INFO - Checking for new messages in 10 seconds...
2025-02-26 11:44:12,623 - INFO - No unread messages detected.
2025-02-26 11:44:12,623 - INFO - Checking for new messages in 10 seconds...
2025-02-26 11:44:22,631 - INFO - No unread messages detected.
2025-02-26 11:44:22,631 - INFO - Checking for new messages in 10 seconds...
2025-02-26 11:44:32,642 - INFO - No unread messages detected.
2025-02-26 11:44:32,644 - INFO - Checking for new messages in 10 seconds...
2025-02-26 11:44:42,653 - INFO - No unread messages detected.
2025-02-26 11:44:42,654 - INFO - Checking for new messages in 10 seconds...
2025-02-26 11:44:52,662 - INFO - No unread messages detected.
2025-02-26 11:44:52,663 - INFO - Checking for new messages in 10 seconds...
2025-02-26 11:45:02,673 - INFO - No unread messages detected.
2025-02-26 11:45:02,673 - INFO - Checking for new messages in 10 seconds...
2025-02-26 11:45:12,682 - INFO - No unread messages detected.
2025-02-26 11:45:12,682 - INFO - Checking for new messages in 10 seconds...
2025-02-26 11:45:22,692 - INFO - No unread messages detected.
2025-02-26 11:45:22,693 - INFO - Checking for new messages in 10 seconds...
2025-02-26 11:45:32,703 - INFO - No unread messages detected.
2025-02-26 11:45:32,704 - INFO - Checking for new messages in 10 seconds...
2025-02-26 11:45:42,708 - INFO - No unread messages detected.
2025-02-26 11:45:42,708 - INFO - Checking for new messages in 10 seconds...
2025-02-26 11:45:52,719 - INFO - No unread messages detected.
2025-02-26 11:45:52,719 - INFO - Checking for new messages in 10 seconds...
2025-02-26 11:46:02,728 - INFO - No unread messages detected.
2025-02-26 11:46:02,729 - INFO - Checking for new messages in 10 seconds...
2025-02-26 11:46:12,735 - INFO - No unread messages detected.
2025-02-26 11:46:12,736 - INFO - Checking for new messages in 10 seconds...
2025-02-26 11:46:22,745 - INFO - No unread messages detected.
2025-02-26 11:46:22,745 - INFO - Checking for new messages in 10 seconds...
2025-02-26 11:46:32,754 - INFO - No unread messages detected.
2025-02-26 11:46:32,755 - INFO - Checking for new messages in 10 seconds...
2025-02-26 11:46:42,760 - INFO - No unread messages detected.
2025-02-26 11:46:42,761 - INFO - Checking for new messages in 10 seconds...
2025-02-26 11:46:52,770 - INFO - No unread messages detected.
2025-02-26 11:46:52,771 - INFO - Checking for new messages in 10 seconds...
2025-02-26 11:47:02,776 - INFO - No unread messages detected.
2025-02-26 11:47:02,777 - INFO - Checking for new messages in 10 seconds...
2025-02-26 11:47:12,787 - INFO - No unread messages detected.
2025-02-26 11:47:12,787 - INFO - Checking for new messages in 10 seconds...
2025-02-26 11:47:22,793 - INFO - No unread messages detected.
2025-02-26 11:47:22,794 - INFO - Checking for new messages in 10 seconds...
2025-02-26 11:47:32,800 - INFO - No unread messages detected.
2025-02-26 11:47:32,801 - INFO - Checking for new messages in 10 seconds...
2025-02-26 11:47:42,812 - INFO - No unread messages detected.
2025-02-26 11:47:42,816 - INFO - Checking for new messages in 10 seconds...
2025-02-26 11:47:52,823 - INFO - No unread messages detected.
2025-02-26 11:47:52,824 - INFO - Checking for new messages in 10 seconds...
2025-02-26 11:48:02,832 - INFO - No unread messages detected.
2025-02-26 11:48:02,833 - INFO - Checking for new messages in 10 seconds...
2025-02-26 11:48:12,840 - INFO - No unread messages detected.
2025-02-26 11:48:12,841 - INFO - Checking for new messages in 10 seconds...
2025-02-26 11:48:22,849 - INFO - No unread messages detected.
2025-02-26 11:48:22,850 - INFO - Checking for new messages in 10 seconds...
2025-02-26 11:48:32,857 - INFO - No unread messages detected.
2025-02-26 11:48:32,858 - INFO - Checking for new messages in 10 seconds...
2025-02-26 11:48:42,865 - INFO - No unread messages detected.
2025-02-26 11:48:42,866 - INFO - Checking for new messages in 10 seconds...
2025-02-26 11:48:52,873 - INFO - No unread messages detected.
2025-02-26 11:48:52,874 - INFO - Checking for new messages in 10 seconds...
2025-02-26 11:49:02,883 - INFO - No unread messages detected.
2025-02-26 11:49:02,884 - INFO - Checking for new messages in 10 seconds...
2025-02-26 11:49:12,901 - INFO - No unread messages detected.
2025-02-26 11:49:12,901 - INFO - Checking for new messages in 10 seconds...
2025-02-26 11:49:22,916 - INFO - No unread messages detected.
2025-02-26 11:49:22,917 - INFO - Checking for new messages in 10 seconds...
2025-02-26 11:49:32,928 - INFO - No unread messages detected.
2025-02-26 11:49:32,929 - INFO - Checking for new messages in 10 seconds...
2025-02-26 11:49:42,934 - INFO - No unread messages detected.
2025-02-26 11:49:42,935 - INFO - Checking for new messages in 10 seconds...
2025-02-26 11:49:52,938 - INFO - No unread messages detected.
2025-02-26 11:49:52,939 - INFO - Checking for new messages in 10 seconds...
2025-02-26 11:50:02,949 - INFO - No unread messages detected.
2025-02-26 11:50:02,950 - INFO - Checking for new messages in 10 seconds...
2025-02-26 11:50:12,956 - INFO - No unread messages detected.
2025-02-26 11:50:12,957 - INFO - Checking for new messages in 10 seconds...
2025-02-26 11:50:22,962 - INFO - No unread messages detected.
2025-02-26 11:50:22,962 - INFO - Checking for new messages in 10 seconds...
2025-02-26 11:50:32,977 - INFO - No unread messages detected.
2025-02-26 11:50:32,978 - INFO - Checking for new messages in 10 seconds...
2025-02-26 11:50:42,988 - INFO - No unread messages detected.
2025-02-26 11:50:42,989 - INFO - Checking for new messages in 10 seconds...
